Using pre-set license
Built from '2021.1/staging' branch; Version is '2021.1.12f1 (afcadd793de6) revision 11520733'; Using compiler version '192528614'; Build Type 'Release'
OS: 'Windows 10 Pro; OS build 19043.1081; Version 2009; 64bit' Language: 'es' Physical Memory: 16315 MB
BatchMode: 1, IsHumanControllingUs: 0, StartBugReporterOnCrash: 0, Is64bit: 1, IsPro: 0

 COMMAND LINE ARGUMENTS:
C:\Program Files\Unity 2021.1.12f1\Editor\Unity.exe
-adb2
-batchMode
-noUpm
-name
AssetImportWorker0
-projectPath
E:/2º/Juego2D
-logFile
Logs/AssetImportWorker0.log
-srvPort
62596
Successfully changed project path to: E:/2º/Juego2D
E:/2º/Juego2D
Using Asset Import Pipeline V2.
Unable to join player connection multicast group.

Refreshing native plugins compatible for Editor in 106.89 ms, found 4 plugins.
Preloading 0 native plugins for Editor in 0.00 ms.
Initialize engine version: 2021.1.12f1 (afcadd793de6)
[Subsystems] Discovering subsystems at path C:/Program Files/Unity 2021.1.12f1/Editor/Data/Resources/UnitySubsystems
[Subsystems] Discovering subsystems at path E:/2º/Juego2D/Assets
GfxDevice: creating device client; threaded=0; jobified=0
Direct3D:
    Version:  Direct3D 11.0 [level 11.1]
    Renderer: Radeon (TM) Pro WX 4150 Graphics (ID=0x67e8)
    Vendor:   ATI
    VRAM:     4076 MB
    Driver:   25.20.15026.2
Initialize mono
Mono path[0] = 'C:/Program Files/Unity 2021.1.12f1/Editor/Data/Managed'
Mono path[1] = 'C:/Program Files/Unity 2021.1.12f1/Editor/Data/MonoBleedingEdge/lib/mono/unityjit'
Mono config path = 'C:/Program Files/Unity 2021.1.12f1/Editor/Data/MonoBleedingEdge/etc'
Using monoOptions --debugger-agent=transport=dt_socket,embedding=1,server=y,suspend=n,address=127.0.0.1:56680
Begin MonoManager ReloadAssembly
Registering precompiled unity dll's ...
Register platform support module: C:/Program Files/Unity 2021.1.12f1/Editor/Data/PlaybackEngines/WindowsStandaloneSupport/UnityEditor.WindowsStandalone.Extensions.dll
Registered in 0.001933 seconds.
Native extension for WindowsStandalone target not found
Refreshing native plugins compatible for Editor in 105.84 ms, found 4 plugins.
Preloading 0 native plugins for Editor in 0.00 ms.
Mono: successfully reloaded assembly
- Completed reload, in  1.329 seconds
Domain Reload Profiling:
	ReloadAssembly (1329ms)
		BeginReloadAssembly (57ms)
			ExecutionOrderSort (0ms)
			DisableScriptedObjects (0ms)
			BackupInstance (0ms)
			ReleaseScriptingObjects (0ms)
			CreateAndSetChildDomain (1ms)
		EndReloadAssembly (512ms)
			LoadAssemblies (55ms)
			RebuildTransferFunctionScriptingTraits (0ms)
			SetupTypeCache (177ms)
			ReleaseScriptCaches (0ms)
			RebuildScriptCaches (33ms)
			SetupLoadedEditorAssemblies (254ms)
				LogAssemblyErrors (0ms)
				InitializePlatformSupportModulesInManaged (6ms)
				SetLoadedEditorAssemblies (0ms)
				RefreshPlugins (106ms)
				BeforeProcessingInitializeOnLoad (2ms)
				ProcessInitializeOnLoadAttributes (107ms)
				ProcessInitializeOnLoadMethodAttributes (32ms)
				AfterProcessingInitializeOnLoad (0ms)
				EditorAssembliesLoaded (0ms)
			ExecutionOrderSort2 (0ms)
			AwakeInstancesAfterBackupRestoration (0ms)
Platform modules already initialized, skipping
Registering precompiled user dll's ...
Registered in 0.005005 seconds.
Begin MonoManager ReloadAssembly
Symbol file LoadedFromMemory doesn't match image E:\2º\Juego2D\Library\PackageCache\com.unity.visualscripting@1.6.1\Editor\VisualScripting.Core\Dependencies\YamlDotNet\Unity.VisualScripting.YamlDotNet.dll
Symbol file LoadedFromMemory doesn't match image E:\2º\Juego2D\Library\PackageCache\com.unity.visualscripting@1.6.1\Editor\VisualScripting.Core\Dependencies\DotNetZip\Unity.VisualScripting.IonicZip.dll
Native extension for WindowsStandalone target not found
Refreshing native plugins compatible for Editor in 102.83 ms, found 4 plugins.
Preloading 0 native plugins for Editor in 0.00 ms.
Mono: successfully reloaded assembly
- Completed reload, in  1.415 seconds
Domain Reload Profiling:
	ReloadAssembly (1416ms)
		BeginReloadAssembly (155ms)
			ExecutionOrderSort (0ms)
			DisableScriptedObjects (5ms)
			BackupInstance (0ms)
			ReleaseScriptingObjects (0ms)
			CreateAndSetChildDomain (21ms)
		EndReloadAssembly (1188ms)
			LoadAssemblies (132ms)
			RebuildTransferFunctionScriptingTraits (0ms)
			SetupTypeCache (383ms)
			ReleaseScriptCaches (1ms)
			RebuildScriptCaches (55ms)
			SetupLoadedEditorAssemblies (478ms)
				LogAssemblyErrors (0ms)
				InitializePlatformSupportModulesInManaged (4ms)
				SetLoadedEditorAssemblies (0ms)
				RefreshPlugins (103ms)
				BeforeProcessingInitializeOnLoad (87ms)
				ProcessInitializeOnLoadAttributes (259ms)
				ProcessInitializeOnLoadMethodAttributes (18ms)
				AfterProcessingInitializeOnLoad (7ms)
				EditorAssembliesLoaded (0ms)
			ExecutionOrderSort2 (0ms)
			AwakeInstancesAfterBackupRestoration (7ms)
Platform modules already initialized, skipping
========================================================================
Worker process is ready to serve import requests
Launched and connected shader compiler UnityShaderCompiler.exe after 0.06 seconds
Refreshing native plugins compatible for Editor in 0.72 ms, found 4 plugins.
Preloading 0 native plugins for Editor in 0.00 ms.
Unloading 3685 Unused Serialized files (Serialized files now loaded: 0)
System memory in use before: 209.5 MB.
System memory in use after: 209.7 MB.

Unloading 36 unused Assets to reduce memory usage. Loaded Objects now: 4136.
Total: 3.007100 ms (FindLiveObjects: 0.284400 ms CreateObjectMapping: 0.212000 ms MarkObjects: 2.376700 ms  DeleteObjects: 0.132900 ms)

AssetImportParameters requested are different than current active one (requested -> active):
  custom:framework-win-MediaFoundation: 216162199b28c13a410421893ffa2e32 -> 
  custom:video-decoder-ogg-theora: a1e56fd34408186e4bbccfd4996cb3dc -> 
  custom:container-muxer-webm: aa71ff27fc2769a1b78a27578f13a17b -> 
  custom:container-demuxer-webm: 4f35f7cbe854078d1ac9338744f61a02 -> 
  custom:container-demuxer-ogg: 62fdf1f143b41e24485cea50d1cbac27 -> 
  custom:video-encoder-webm-vp8: eb34c28f22e8b96e1ab97ce403110664 -> 
  custom:video-decoder-webm-vp8: 9c59270c3fd7afecdb556c50c9e8de78 -> 
  custom:audio-decoder-ogg-vorbis: bf7c407c2cedff20999df2af8eb42d56 -> 
  custom:audio-encoder-webm-vorbis: bf7c407c2cedff20999df2af8eb42d56 -> 
========================================================================
Received Import Request.
  path: Assets/Prefab/missile.prefab
  artifactKey: Guid(8bf396c6b546a0e439db60fe34632cd6) Importer(815301076,1909f56bfc062723c751e8b465ee728b)
Start importing Assets/Prefab/missile.prefab using Guid(8bf396c6b546a0e439db60fe34632cd6) Importer(815301076,1909f56bfc062723c751e8b465ee728b)  -> (artifact id: 'b50281e0953908b43e24e226aafba871') in 0.219062 seconds 
========================================================================
Received Import Request.
  Time since last request: 633.113952 seconds.
  path: Assets/Scripts/PoolingSystems.cs
  artifactKey: Guid(f7711151df240b040bd4810720fdf109) Importer(815301076,1909f56bfc062723c751e8b465ee728b)
Start importing Assets/Scripts/PoolingSystems.cs using Guid(f7711151df240b040bd4810720fdf109) Importer(815301076,1909f56bfc062723c751e8b465ee728b)  -> (artifact id: 'aaa03f5100f5b723bd29dfa2343e844a') in 0.087304 seconds 
========================================================================
Received Import Request.
  Time since last request: 33.823757 seconds.
  path: Assets/Scripts/PoolingSystems.cs
  artifactKey: Guid(f7711151df240b040bd4810720fdf109) Importer(815301076,1909f56bfc062723c751e8b465ee728b)
Start importing Assets/Scripts/PoolingSystems.cs using Guid(f7711151df240b040bd4810720fdf109) Importer(815301076,1909f56bfc062723c751e8b465ee728b)  -> (artifact id: '3a3c24c061edd0b50e1d3ba014bf678c') in 0.054476 seconds 
========================================================================
Received Import Request.
  Time since last request: 10.315566 seconds.
  path: Assets/Scripts/PoolingManager.cs
  artifactKey: Guid(f7711151df240b040bd4810720fdf109) Importer(815301076,1909f56bfc062723c751e8b465ee728b)
Start importing Assets/Scripts/PoolingManager.cs using Guid(f7711151df240b040bd4810720fdf109) Importer(815301076,1909f56bfc062723c751e8b465ee728b)  -> (artifact id: '38e26db05b01c227ed1c1910744486c6') in 0.056065 seconds 
========================================================================
Received Import Request.
  Time since last request: 450.742554 seconds.
  path: Assets/Scripts/PoolingManager.cs
  artifactKey: Guid(f7711151df240b040bd4810720fdf109) Importer(815301076,1909f56bfc062723c751e8b465ee728b)
Start importing Assets/Scripts/PoolingManager.cs using Guid(f7711151df240b040bd4810720fdf109) Importer(815301076,1909f56bfc062723c751e8b465ee728b)  -> (artifact id: 'd8327d47b8bf10dd826742e1051160fd') in 0.041210 seconds 
========================================================================
Received Import Request.
  Time since last request: 34.875304 seconds.
  path: Assets/Scripts/PooledItems.cs
  artifactKey: Guid(fa77c3db6c50e19469f894da1b08c393) Importer(815301076,1909f56bfc062723c751e8b465ee728b)
Start importing Assets/Scripts/PooledItems.cs using Guid(fa77c3db6c50e19469f894da1b08c393) Importer(815301076,1909f56bfc062723c751e8b465ee728b)  -> (artifact id: 'cfe1a0c37a50b81e71f615c57f059ea6') in 0.158189 seconds 
========================================================================
Received Import Request.
  Time since last request: 223.987193 seconds.
  path: Assets/Scripts/Systems/MineSystem.cs
  artifactKey: Guid(b94313952efd73b4c89f710edcba1edd) Importer(815301076,1909f56bfc062723c751e8b465ee728b)
Start importing Assets/Scripts/Systems/MineSystem.cs using Guid(b94313952efd73b4c89f710edcba1edd) Importer(815301076,1909f56bfc062723c751e8b465ee728b)  -> (artifact id: '441737d7e8037120e0be4564f38d98da') in 0.043570 seconds 
========================================================================
Received Import Request.
  Time since last request: 29.697199 seconds.
  path: Assets/Scripts/Systems/Engine.cs
  artifactKey: Guid(54493d79aafce2047ae4f5b7f45fc889) Importer(815301076,1909f56bfc062723c751e8b465ee728b)
Start importing Assets/Scripts/Systems/Engine.cs using Guid(54493d79aafce2047ae4f5b7f45fc889) Importer(815301076,1909f56bfc062723c751e8b465ee728b)  -> (artifact id: '3843f917df70ed81e8b4563e0ebef6ec') in 0.042191 seconds 
========================================================================
Received Import Request.
  Time since last request: 1744.793078 seconds.
  path: Assets/Scripts/Systems/ShootSystem.cs
  artifactKey: Guid(84b61b562284d0c4780ff6752f2300a6) Importer(815301076,1909f56bfc062723c751e8b465ee728b)
Start importing Assets/Scripts/Systems/ShootSystem.cs using Guid(84b61b562284d0c4780ff6752f2300a6) Importer(815301076,1909f56bfc062723c751e8b465ee728b)  -> (artifact id: '1839a56c21b0cb0fb3b0395557422184') in 0.152779 seconds 
========================================================================
Received Import Request.
  Time since last request: 0.486820 seconds.
  path: Assets/Scripts/Systems/ShootingSystem.cs
  artifactKey: Guid(d11ca4232af07244c884f50394c22856) Importer(815301076,1909f56bfc062723c751e8b465ee728b)
Start importing Assets/Scripts/Systems/ShootingSystem.cs using Guid(d11ca4232af07244c884f50394c22856) Importer(815301076,1909f56bfc062723c751e8b465ee728b)  -> (artifact id: '2b62f6be7b49803b965fb8c088ddfa5b') in 0.048621 seconds 
========================================================================
Received Import Request.
  Time since last request: 10.539320 seconds.
  path: Assets/Scripts/ShootingSystemData.cs
  artifactKey: Guid(babc537436f75c54c80d3d8f94c79a49) Importer(815301076,1909f56bfc062723c751e8b465ee728b)
Start importing Assets/Scripts/ShootingSystemData.cs using Guid(babc537436f75c54c80d3d8f94c79a49) Importer(815301076,1909f56bfc062723c751e8b465ee728b)  -> (artifact id: 'a032dfb9949ea6d1d4cfcb9af82c78fe') in 0.096800 seconds 
========================================================================
Received Import Request.
  Time since last request: 20.809974 seconds.
  path: Assets/Scripts/ShootingSystemData.cs
  artifactKey: Guid(babc537436f75c54c80d3d8f94c79a49) Importer(815301076,1909f56bfc062723c751e8b465ee728b)
Start importing Assets/Scripts/ShootingSystemData.cs using Guid(babc537436f75c54c80d3d8f94c79a49) Importer(815301076,1909f56bfc062723c751e8b465ee728b)  -> (artifact id: 'aa0a0ff359da8179a47e11428ac9d696') in 0.045944 seconds 
========================================================================
Received Import Request.
  Time since last request: 19.030872 seconds.
  path: Assets/Scripts/ShootingSystemData.cs
  artifactKey: Guid(babc537436f75c54c80d3d8f94c79a49) Importer(815301076,1909f56bfc062723c751e8b465ee728b)
Start importing Assets/Scripts/ShootingSystemData.cs using Guid(babc537436f75c54c80d3d8f94c79a49) Importer(815301076,1909f56bfc062723c751e8b465ee728b)  -> (artifact id: '8c90f92826ac36b3a286a07bb7f74b35') in 0.041442 seconds 
========================================================================
Received Prepare
Registering precompiled user dll's ...
Registered in 0.005843 seconds.
Begin MonoManager ReloadAssembly
Symbol file LoadedFromMemory doesn't match image E:\2º\Juego2D\Library\PackageCache\com.unity.visualscripting@1.6.1\Editor\VisualScripting.Core\Dependencies\YamlDotNet\Unity.VisualScripting.YamlDotNet.dll
Symbol file LoadedFromMemory doesn't match image E:\2º\Juego2D\Library\PackageCache\com.unity.visualscripting@1.6.1\Editor\VisualScripting.Core\Dependencies\DotNetZip\Unity.VisualScripting.IonicZip.dll
Native extension for WindowsStandalone target not found
Refreshing native plugins compatible for Editor in 0.73 ms, found 4 plugins.
Preloading 0 native plugins for Editor in 0.00 ms.
Mono: successfully reloaded assembly
- Completed reload, in  1.662 seconds
Domain Reload Profiling:
	ReloadAssembly (1663ms)
		BeginReloadAssembly (232ms)
			ExecutionOrderSort (0ms)
			DisableScriptedObjects (25ms)
			BackupInstance (0ms)
			ReleaseScriptingObjects (0ms)
			CreateAndSetChildDomain (102ms)
		EndReloadAssembly (1344ms)
			LoadAssemblies (189ms)
			RebuildTransferFunctionScriptingTraits (0ms)
			SetupTypeCache (420ms)
			ReleaseScriptCaches (1ms)
			RebuildScriptCaches (80ms)
			SetupLoadedEditorAssemblies (480ms)
				LogAssemblyErrors (0ms)
				InitializePlatformSupportModulesInManaged (6ms)
				SetLoadedEditorAssemblies (0ms)
				RefreshPlugins (1ms)
				BeforeProcessingInitializeOnLoad (79ms)
				ProcessInitializeOnLoadAttributes (377ms)
				ProcessInitializeOnLoadMethodAttributes (10ms)
				AfterProcessingInitializeOnLoad (7ms)
				EditorAssembliesLoaded (0ms)
			ExecutionOrderSort2 (0ms)
			AwakeInstancesAfterBackupRestoration (12ms)
Platform modules already initialized, skipping
Refreshing native plugins compatible for Editor in 0.70 ms, found 4 plugins.
Preloading 0 native plugins for Editor in 0.00 ms.
Unloading 3680 Unused Serialized files (Serialized files now loaded: 0)
System memory in use before: 213.6 MB.
System memory in use after: 213.8 MB.

Unloading 24 unused Assets to reduce memory usage. Loaded Objects now: 4148.
Total: 3.349800 ms (FindLiveObjects: 0.297300 ms CreateObjectMapping: 0.178900 ms MarkObjects: 2.723600 ms  DeleteObjects: 0.148800 ms)

AssetImportParameters requested are different than current active one (requested -> active):
  custom:framework-win-MediaFoundation: 216162199b28c13a410421893ffa2e32 -> 
  custom:video-decoder-ogg-theora: a1e56fd34408186e4bbccfd4996cb3dc -> 
  custom:container-muxer-webm: aa71ff27fc2769a1b78a27578f13a17b -> 
  custom:container-demuxer-webm: 4f35f7cbe854078d1ac9338744f61a02 -> 
  custom:container-demuxer-ogg: 62fdf1f143b41e24485cea50d1cbac27 -> 
  custom:video-encoder-webm-vp8: eb34c28f22e8b96e1ab97ce403110664 -> 
  custom:video-decoder-webm-vp8: 9c59270c3fd7afecdb556c50c9e8de78 -> 
  custom:audio-decoder-ogg-vorbis: bf7c407c2cedff20999df2af8eb42d56 -> 
  custom:audio-encoder-webm-vorbis: bf7c407c2cedff20999df2af8eb42d56 -> 
========================================================================
Received Prepare
Registering precompiled user dll's ...
Registered in 0.005389 seconds.
Begin MonoManager ReloadAssembly
Symbol file LoadedFromMemory doesn't match image E:\2º\Juego2D\Library\PackageCache\com.unity.visualscripting@1.6.1\Editor\VisualScripting.Core\Dependencies\YamlDotNet\Unity.VisualScripting.YamlDotNet.dll
Symbol file LoadedFromMemory doesn't match image E:\2º\Juego2D\Library\PackageCache\com.unity.visualscripting@1.6.1\Editor\VisualScripting.Core\Dependencies\DotNetZip\Unity.VisualScripting.IonicZip.dll
Native extension for WindowsStandalone target not found
Refreshing native plugins compatible for Editor in 0.73 ms, found 4 plugins.
Preloading 0 native plugins for Editor in 0.00 ms.
Mono: successfully reloaded assembly
- Completed reload, in  1.787 seconds
Domain Reload Profiling:
	ReloadAssembly (1787ms)
		BeginReloadAssembly (149ms)
			ExecutionOrderSort (0ms)
			DisableScriptedObjects (7ms)
			BackupInstance (0ms)
			ReleaseScriptingObjects (0ms)
			CreateAndSetChildDomain (48ms)
		EndReloadAssembly (1545ms)
			LoadAssemblies (206ms)
			RebuildTransferFunctionScriptingTraits (0ms)
			SetupTypeCache (520ms)
			ReleaseScriptCaches (1ms)
			RebuildScriptCaches (218ms)
			SetupLoadedEditorAssemblies (389ms)
				LogAssemblyErrors (0ms)
				InitializePlatformSupportModulesInManaged (6ms)
				SetLoadedEditorAssemblies (1ms)
				RefreshPlugins (1ms)
				BeforeProcessingInitializeOnLoad (98ms)
				ProcessInitializeOnLoadAttributes (268ms)
				ProcessInitializeOnLoadMethodAttributes (10ms)
				AfterProcessingInitializeOnLoad (6ms)
				EditorAssembliesLoaded (0ms)
			ExecutionOrderSort2 (0ms)
			AwakeInstancesAfterBackupRestoration (13ms)
Platform modules already initialized, skipping
Refreshing native plugins compatible for Editor in 0.71 ms, found 4 plugins.
Preloading 0 native plugins for Editor in 0.00 ms.
Unloading 3679 Unused Serialized files (Serialized files now loaded: 0)
System memory in use before: 213.7 MB.
System memory in use after: 213.8 MB.

Unloading 25 unused Assets to reduce memory usage. Loaded Objects now: 4151.
Total: 4.640400 ms (FindLiveObjects: 0.317200 ms CreateObjectMapping: 0.251500 ms MarkObjects: 3.971500 ms  DeleteObjects: 0.098600 ms)

AssetImportParameters requested are different than current active one (requested -> active):
  custom:framework-win-MediaFoundation: 216162199b28c13a410421893ffa2e32 -> 
  custom:video-decoder-ogg-theora: a1e56fd34408186e4bbccfd4996cb3dc -> 
  custom:container-muxer-webm: aa71ff27fc2769a1b78a27578f13a17b -> 
  custom:container-demuxer-webm: 4f35f7cbe854078d1ac9338744f61a02 -> 
  custom:container-demuxer-ogg: 62fdf1f143b41e24485cea50d1cbac27 -> 
  custom:video-encoder-webm-vp8: eb34c28f22e8b96e1ab97ce403110664 -> 
  custom:video-decoder-webm-vp8: 9c59270c3fd7afecdb556c50c9e8de78 -> 
  custom:audio-decoder-ogg-vorbis: bf7c407c2cedff20999df2af8eb42d56 -> 
  custom:audio-encoder-webm-vorbis: bf7c407c2cedff20999df2af8eb42d56 -> 
========================================================================
Received Import Request.
  Time since last request: 2021.978803 seconds.
  path: Assets/MissileData.asset
  artifactKey: Guid(1862f8f6eb4846e4fa24ec3767eae824) Importer(815301076,1909f56bfc062723c751e8b465ee728b)
Start importing Assets/MissileData.asset using Guid(1862f8f6eb4846e4fa24ec3767eae824) Importer(815301076,1909f56bfc062723c751e8b465ee728b)  -> (artifact id: 'e58396df3b7d78d1fe267e7ad36c3583') in 0.079249 seconds 
========================================================================
Received Import Request.
  Time since last request: 26.532365 seconds.
  path: Assets/Prefab/missile.prefab
  artifactKey: Guid(8bf396c6b546a0e439db60fe34632cd6) Importer(815301076,1909f56bfc062723c751e8b465ee728b)
Start importing Assets/Prefab/missile.prefab using Guid(8bf396c6b546a0e439db60fe34632cd6) Importer(815301076,1909f56bfc062723c751e8b465ee728b)  -> (artifact id: '0786740c247e96d8f7173437b9431de1') in 0.177283 seconds 
========================================================================
Received Import Request.
  Time since last request: 18.927022 seconds.
  path: Assets/Data
  artifactKey: Guid(cc2af2f0b68913349bd45bd950d4992a) Importer(815301076,1909f56bfc062723c751e8b465ee728b)
Start importing Assets/Data using Guid(cc2af2f0b68913349bd45bd950d4992a) Importer(815301076,1909f56bfc062723c751e8b465ee728b)  -> (artifact id: '992ff94dc229eb06efa215450dd3a5a9') in 0.053173 seconds 
========================================================================
Received Import Request.
  Time since last request: 43.398492 seconds.
  path: Assets/Scripts/Systems/ShootSystem.cs
  artifactKey: Guid(84b61b562284d0c4780ff6752f2300a6) Importer(815301076,1909f56bfc062723c751e8b465ee728b)
Start importing Assets/Scripts/Systems/ShootSystem.cs using Guid(84b61b562284d0c4780ff6752f2300a6) Importer(815301076,1909f56bfc062723c751e8b465ee728b)  -> (artifact id: 'de7ebfb88c4dca1b103b85080e8971b7') in 0.077229 seconds 
========================================================================
Received Import Request.
  Time since last request: 12.191296 seconds.
  path: Assets/Scripts/Systems/ShootSystem.cs
  artifactKey: Guid(84b61b562284d0c4780ff6752f2300a6) Importer(815301076,1909f56bfc062723c751e8b465ee728b)
Start importing Assets/Scripts/Systems/ShootSystem.cs using Guid(84b61b562284d0c4780ff6752f2300a6) Importer(815301076,1909f56bfc062723c751e8b465ee728b)  -> (artifact id: '58b30e6a04849184288c35de25ea078b') in 0.039661 seconds 
========================================================================
Received Import Request.
  Time since last request: 29.850228 seconds.
  path: Assets/Scripts/Systems/MissileSystem.cs
  artifactKey: Guid(d3c46e5bc4510424dada282fc48f9e20) Importer(815301076,1909f56bfc062723c751e8b465ee728b)
Start importing Assets/Scripts/Systems/MissileSystem.cs using Guid(d3c46e5bc4510424dada282fc48f9e20) Importer(815301076,1909f56bfc062723c751e8b465ee728b)  -> (artifact id: 'd7a56b7beedcbf157121b48f4afb7d76') in 0.093959 seconds 
========================================================================
Received Import Request.
  Time since last request: 11.175425 seconds.
  path: Assets/Scripts/Systems/MissileSystem.cs
  artifactKey: Guid(d3c46e5bc4510424dada282fc48f9e20) Importer(815301076,1909f56bfc062723c751e8b465ee728b)
Start importing Assets/Scripts/Systems/MissileSystem.cs using Guid(d3c46e5bc4510424dada282fc48f9e20) Importer(815301076,1909f56bfc062723c751e8b465ee728b)  -> (artifact id: 'f565a684efe22ef317d8d95e7b8cc4ba') in 0.055262 seconds 
========================================================================
Received Import Request.
  Time since last request: 86.223712 seconds.
  path: Assets/Data/MineData.asset
  artifactKey: Guid(d37484e356b9ae948a88538ff0fb97bf) Importer(815301076,1909f56bfc062723c751e8b465ee728b)
Start importing Assets/Data/MineData.asset using Guid(d37484e356b9ae948a88538ff0fb97bf) Importer(815301076,1909f56bfc062723c751e8b465ee728b)  -> (artifact id: 'f4aba2fe170e98562554de535fcf9858') in 0.051469 seconds 
========================================================================
Received Import Request.
  Time since last request: 9.070086 seconds.
  path: Assets/Data/BlasterData.asset
  artifactKey: Guid(076ebd1b4072d754084136724faf7a4f) Importer(815301076,1909f56bfc062723c751e8b465ee728b)
Start importing Assets/Data/BlasterData.asset using Guid(076ebd1b4072d754084136724faf7a4f) Importer(815301076,1909f56bfc062723c751e8b465ee728b)  -> (artifact id: 'bf189a372263694fde74010008c9b4ec') in 0.050931 seconds 
========================================================================
Received Import Request.
  Time since last request: 87.599462 seconds.
  path: Assets/Scripts/Systems/ShootSystem.cs
  artifactKey: Guid(84b61b562284d0c4780ff6752f2300a6) Importer(815301076,1909f56bfc062723c751e8b465ee728b)
Start importing Assets/Scripts/Systems/ShootSystem.cs using Guid(84b61b562284d0c4780ff6752f2300a6) Importer(815301076,1909f56bfc062723c751e8b465ee728b)  -> (artifact id: '075e252c6d5f8791033c9fd2324d6828') in 0.036749 seconds 
========================================================================
Received Import Request.
  Time since last request: 1.931911 seconds.
  path: Assets/Scripts/Systems/MineSystem.cs
  artifactKey: Guid(b94313952efd73b4c89f710edcba1edd) Importer(815301076,1909f56bfc062723c751e8b465ee728b)
Start importing Assets/Scripts/Systems/MineSystem.cs using Guid(b94313952efd73b4c89f710edcba1edd) Importer(815301076,1909f56bfc062723c751e8b465ee728b)  -> (artifact id: '1dc748db7acd943543c10c0e3913878d') in 0.040583 seconds 
========================================================================
Received Import Request.
  Time since last request: 7.197538 seconds.
  path: Assets/Scripts/Systems/MineSystem.cs
  artifactKey: Guid(b94313952efd73b4c89f710edcba1edd) Importer(815301076,1909f56bfc062723c751e8b465ee728b)
Start importing Assets/Scripts/Systems/MineSystem.cs using Guid(b94313952efd73b4c89f710edcba1edd) Importer(815301076,1909f56bfc062723c751e8b465ee728b)  -> (artifact id: 'dda0282f57a19087dd679e47c4cf75d0') in 0.076362 seconds 
========================================================================
Received Import Request.
  Time since last request: 142.506129 seconds.
  path: Assets/Scripts/Systems/ShootingSystem.cs
  artifactKey: Guid(d11ca4232af07244c884f50394c22856) Importer(815301076,1909f56bfc062723c751e8b465ee728b)
Start importing Assets/Scripts/Systems/ShootingSystem.cs using Guid(d11ca4232af07244c884f50394c22856) Importer(815301076,1909f56bfc062723c751e8b465ee728b)  -> (artifact id: 'd5bc893bdd0a434c19f50f6b0bacf702') in 0.038595 seconds 
========================================================================
Received Import Request.
  Time since last request: 283.705505 seconds.
  path: Assets/Scripts/ShipController.cs
  artifactKey: Guid(bf428d012086a7647ae9b79663be9c38) Importer(815301076,1909f56bfc062723c751e8b465ee728b)
Start importing Assets/Scripts/ShipController.cs using Guid(bf428d012086a7647ae9b79663be9c38) Importer(815301076,1909f56bfc062723c751e8b465ee728b)  -> (artifact id: '6f4d6ad48e67a183e9edac4fb0a9c409') in 0.048768 seconds 
========================================================================
Received Import Request.
  Time since last request: 131.032279 seconds.
  path: Assets/Scripts/ShipController.cs
  artifactKey: Guid(bf428d012086a7647ae9b79663be9c38) Importer(815301076,1909f56bfc062723c751e8b465ee728b)
Start importing Assets/Scripts/ShipController.cs using Guid(bf428d012086a7647ae9b79663be9c38) Importer(815301076,1909f56bfc062723c751e8b465ee728b)  -> (artifact id: 'b249e5625b41dc15e35a038fb92ec485') in 0.038881 seconds 
========================================================================
Received Import Request.
  Time since last request: 114.598241 seconds.
  path: Assets/Scripts/Systems/ShootSystem.cs
  artifactKey: Guid(84b61b562284d0c4780ff6752f2300a6) Importer(815301076,1909f56bfc062723c751e8b465ee728b)
Start importing Assets/Scripts/Systems/ShootSystem.cs using Guid(84b61b562284d0c4780ff6752f2300a6) Importer(815301076,1909f56bfc062723c751e8b465ee728b)  -> (artifact id: '32c0c346cc4abb5425fecec5cc5773cc') in 0.056566 seconds 
========================================================================
Received Import Request.
  Time since last request: 16.915098 seconds.
  path: Assets/Scripts/Systems/ShootSystem.cs
  artifactKey: Guid(84b61b562284d0c4780ff6752f2300a6) Importer(815301076,1909f56bfc062723c751e8b465ee728b)
Start importing Assets/Scripts/Systems/ShootSystem.cs using Guid(84b61b562284d0c4780ff6752f2300a6) Importer(815301076,1909f56bfc062723c751e8b465ee728b)  -> (artifact id: 'f93da945895ed620f4cc3b697634308f') in 0.069320 seconds 
========================================================================
Received Import Request.
  Time since last request: 11.924659 seconds.
  path: Assets/Scripts/Systems/MissileSystem.cs
  artifactKey: Guid(d3c46e5bc4510424dada282fc48f9e20) Importer(815301076,1909f56bfc062723c751e8b465ee728b)
Start importing Assets/Scripts/Systems/MissileSystem.cs using Guid(d3c46e5bc4510424dada282fc48f9e20) Importer(815301076,1909f56bfc062723c751e8b465ee728b)  -> (artifact id: 'b6a9acb23979ee89d4c4be1575709a93') in 0.045650 seconds 
========================================================================
Received Prepare
Registering precompiled user dll's ...
Registered in 0.005016 seconds.
Begin MonoManager ReloadAssembly
Symbol file LoadedFromMemory doesn't match image E:\2º\Juego2D\Library\PackageCache\com.unity.visualscripting@1.6.1\Editor\VisualScripting.Core\Dependencies\YamlDotNet\Unity.VisualScripting.YamlDotNet.dll
Symbol file LoadedFromMemory doesn't match image E:\2º\Juego2D\Library\PackageCache\com.unity.visualscripting@1.6.1\Editor\VisualScripting.Core\Dependencies\DotNetZip\Unity.VisualScripting.IonicZip.dll
Native extension for WindowsStandalone target not found
Refreshing native plugins compatible for Editor in 0.71 ms, found 4 plugins.
Preloading 0 native plugins for Editor in 0.00 ms.
Mono: successfully reloaded assembly
- Completed reload, in  1.333 seconds
Domain Reload Profiling:
	ReloadAssembly (1334ms)
		BeginReloadAssembly (151ms)
			ExecutionOrderSort (0ms)
			DisableScriptedObjects (9ms)
			BackupInstance (0ms)
			ReleaseScriptingObjects (0ms)
			CreateAndSetChildDomain (44ms)
		EndReloadAssembly (1097ms)
			LoadAssemblies (145ms)
			RebuildTransferFunctionScriptingTraits (0ms)
			SetupTypeCache (394ms)
			ReleaseScriptCaches (1ms)
			RebuildScriptCaches (52ms)
			SetupLoadedEditorAssemblies (366ms)
				LogAssemblyErrors (0ms)
				InitializePlatformSupportModulesInManaged (5ms)
				SetLoadedEditorAssemblies (0ms)
				RefreshPlugins (1ms)
				BeforeProcessingInitializeOnLoad (69ms)
				ProcessInitializeOnLoadAttributes (263ms)
				ProcessInitializeOnLoadMethodAttributes (16ms)
				AfterProcessingInitializeOnLoad (11ms)
				EditorAssembliesLoaded (0ms)
			ExecutionOrderSort2 (0ms)
			AwakeInstancesAfterBackupRestoration (18ms)
Platform modules already initialized, skipping
Refreshing native plugins compatible for Editor in 1.03 ms, found 4 plugins.
Preloading 0 native plugins for Editor in 0.00 ms.
Unloading 3679 Unused Serialized files (Serialized files now loaded: 0)
System memory in use before: 213.8 MB.
System memory in use after: 213.9 MB.

Unloading 24 unused Assets to reduce memory usage. Loaded Objects now: 4156.
Total: 3.325100 ms (FindLiveObjects: 0.343900 ms CreateObjectMapping: 0.261300 ms MarkObjects: 2.611400 ms  DeleteObjects: 0.106700 ms)

AssetImportParameters requested are different than current active one (requested -> active):
  custom:framework-win-MediaFoundation: 216162199b28c13a410421893ffa2e32 -> 
  custom:video-decoder-ogg-theora: a1e56fd34408186e4bbccfd4996cb3dc -> 
  custom:container-muxer-webm: aa71ff27fc2769a1b78a27578f13a17b -> 
  custom:container-demuxer-webm: 4f35f7cbe854078d1ac9338744f61a02 -> 
  custom:container-demuxer-ogg: 62fdf1f143b41e24485cea50d1cbac27 -> 
  custom:video-encoder-webm-vp8: eb34c28f22e8b96e1ab97ce403110664 -> 
  custom:video-decoder-webm-vp8: 9c59270c3fd7afecdb556c50c9e8de78 -> 
  custom:audio-decoder-ogg-vorbis: bf7c407c2cedff20999df2af8eb42d56 -> 
  custom:audio-encoder-webm-vorbis: bf7c407c2cedff20999df2af8eb42d56 -> 
========================================================================
Received Import Request.
  Time since last request: 103.823391 seconds.
  path: Assets/Scripts/Systems/MissileSystem.cs
  artifactKey: Guid(d3c46e5bc4510424dada282fc48f9e20) Importer(815301076,1909f56bfc062723c751e8b465ee728b)
Start importing Assets/Scripts/Systems/MissileSystem.cs using Guid(d3c46e5bc4510424dada282fc48f9e20) Importer(815301076,1909f56bfc062723c751e8b465ee728b)  -> (artifact id: '5669ecded30d259b563c74d718dbd9e0') in 0.070238 seconds 
========================================================================
Received Prepare
Registering precompiled user dll's ...
Registered in 0.006613 seconds.
Begin MonoManager ReloadAssembly
Symbol file LoadedFromMemory doesn't match image E:\2º\Juego2D\Library\PackageCache\com.unity.visualscripting@1.6.1\Editor\VisualScripting.Core\Dependencies\YamlDotNet\Unity.VisualScripting.YamlDotNet.dll
Symbol file LoadedFromMemory doesn't match image E:\2º\Juego2D\Library\PackageCache\com.unity.visualscripting@1.6.1\Editor\VisualScripting.Core\Dependencies\DotNetZip\Unity.VisualScripting.IonicZip.dll
Native extension for WindowsStandalone target not found
Refreshing native plugins compatible for Editor in 0.72 ms, found 4 plugins.
Preloading 0 native plugins for Editor in 0.00 ms.
Mono: successfully reloaded assembly
- Completed reload, in  1.307 seconds
Domain Reload Profiling:
	ReloadAssembly (1307ms)
		BeginReloadAssembly (132ms)
			ExecutionOrderSort (0ms)
			DisableScriptedObjects (8ms)
			BackupInstance (0ms)
			ReleaseScriptingObjects (0ms)
			CreateAndSetChildDomain (43ms)
		EndReloadAssembly (1090ms)
			LoadAssemblies (139ms)
			RebuildTransferFunctionScriptingTraits (0ms)
			SetupTypeCache (398ms)
			ReleaseScriptCaches (1ms)
			RebuildScriptCaches (47ms)
			SetupLoadedEditorAssemblies (358ms)
				LogAssemblyErrors (0ms)
				InitializePlatformSupportModulesInManaged (6ms)
				SetLoadedEditorAssemblies (0ms)
				RefreshPlugins (1ms)
				BeforeProcessingInitializeOnLoad (70ms)
				ProcessInitializeOnLoadAttributes (256ms)
				ProcessInitializeOnLoadMethodAttributes (14ms)
				AfterProcessingInitializeOnLoad (10ms)
				EditorAssembliesLoaded (1ms)
			ExecutionOrderSort2 (0ms)
			AwakeInstancesAfterBackupRestoration (15ms)
Platform modules already initialized, skipping
Refreshing native plugins compatible for Editor in 0.70 ms, found 4 plugins.
Preloading 0 native plugins for Editor in 0.00 ms.
Unloading 3679 Unused Serialized files (Serialized files now loaded: 0)
System memory in use before: 213.8 MB.
System memory in use after: 213.9 MB.

Unloading 24 unused Assets to reduce memory usage. Loaded Objects now: 4160.
Total: 3.233100 ms (FindLiveObjects: 0.286900 ms CreateObjectMapping: 0.200700 ms MarkObjects: 2.630000 ms  DeleteObjects: 0.114300 ms)

AssetImportParameters requested are different than current active one (requested -> active):
  custom:framework-win-MediaFoundation: 216162199b28c13a410421893ffa2e32 -> 
  custom:video-decoder-ogg-theora: a1e56fd34408186e4bbccfd4996cb3dc -> 
  custom:container-muxer-webm: aa71ff27fc2769a1b78a27578f13a17b -> 
  custom:container-demuxer-webm: 4f35f7cbe854078d1ac9338744f61a02 -> 
  custom:container-demuxer-ogg: 62fdf1f143b41e24485cea50d1cbac27 -> 
  custom:video-encoder-webm-vp8: eb34c28f22e8b96e1ab97ce403110664 -> 
  custom:video-decoder-webm-vp8: 9c59270c3fd7afecdb556c50c9e8de78 -> 
  custom:audio-decoder-ogg-vorbis: bf7c407c2cedff20999df2af8eb42d56 -> 
  custom:audio-encoder-webm-vorbis: bf7c407c2cedff20999df2af8eb42d56 -> 
========================================================================
Received Import Request.
  Time since last request: 241.733745 seconds.
  path: Assets/Scripts/Systems/MissileSystem.cs
  artifactKey: Guid(d3c46e5bc4510424dada282fc48f9e20) Importer(815301076,1909f56bfc062723c751e8b465ee728b)
Start importing Assets/Scripts/Systems/MissileSystem.cs using Guid(d3c46e5bc4510424dada282fc48f9e20) Importer(815301076,1909f56bfc062723c751e8b465ee728b)  -> (artifact id: 'd202e290d787cc64fc6e17e928c7921b') in 0.049727 seconds 
========================================================================
Received Prepare
Registering precompiled user dll's ...
Registered in 0.005567 seconds.
Begin MonoManager ReloadAssembly
Symbol file LoadedFromMemory doesn't match image E:\2º\Juego2D\Library\PackageCache\com.unity.visualscripting@1.6.1\Editor\VisualScripting.Core\Dependencies\YamlDotNet\Unity.VisualScripting.YamlDotNet.dll
Symbol file LoadedFromMemory doesn't match image E:\2º\Juego2D\Library\PackageCache\com.unity.visualscripting@1.6.1\Editor\VisualScripting.Core\Dependencies\DotNetZip\Unity.VisualScripting.IonicZip.dll
Native extension for WindowsStandalone target not found
Refreshing native plugins compatible for Editor in 0.71 ms, found 4 plugins.
Preloading 0 native plugins for Editor in 0.00 ms.
Mono: successfully reloaded assembly
- Completed reload, in  1.219 seconds
Domain Reload Profiling:
	ReloadAssembly (1220ms)
		BeginReloadAssembly (130ms)
			ExecutionOrderSort (0ms)
			DisableScriptedObjects (7ms)
			BackupInstance (0ms)
			ReleaseScriptingObjects (0ms)
			CreateAndSetChildDomain (40ms)
		EndReloadAssembly (1014ms)
			LoadAssemblies (138ms)
			RebuildTransferFunctionScriptingTraits (0ms)
			SetupTypeCache (367ms)
			ReleaseScriptCaches (1ms)
			RebuildScriptCaches (47ms)
			SetupLoadedEditorAssemblies (328ms)
				LogAssemblyErrors (0ms)
				InitializePlatformSupportModulesInManaged (5ms)
				SetLoadedEditorAssemblies (0ms)
				RefreshPlugins (1ms)
				BeforeProcessingInitializeOnLoad (65ms)
				ProcessInitializeOnLoadAttributes (239ms)
				ProcessInitializeOnLoadMethodAttributes (10ms)
				AfterProcessingInitializeOnLoad (6ms)
				EditorAssembliesLoaded (0ms)
			ExecutionOrderSort2 (0ms)
			AwakeInstancesAfterBackupRestoration (11ms)
Platform modules already initialized, skipping
Refreshing native plugins compatible for Editor in 0.77 ms, found 4 plugins.
Preloading 0 native plugins for Editor in 0.00 ms.
Unloading 3679 Unused Serialized files (Serialized files now loaded: 0)
System memory in use before: 213.8 MB.
System memory in use after: 213.9 MB.

Unloading 24 unused Assets to reduce memory usage. Loaded Objects now: 4164.
Total: 3.400600 ms (FindLiveObjects: 0.300500 ms CreateObjectMapping: 0.227500 ms MarkObjects: 2.780800 ms  DeleteObjects: 0.090300 ms)

AssetImportParameters requested are different than current active one (requested -> active):
  custom:framework-win-MediaFoundation: 216162199b28c13a410421893ffa2e32 -> 
  custom:video-decoder-ogg-theora: a1e56fd34408186e4bbccfd4996cb3dc -> 
  custom:container-muxer-webm: aa71ff27fc2769a1b78a27578f13a17b -> 
  custom:container-demuxer-webm: 4f35f7cbe854078d1ac9338744f61a02 -> 
  custom:container-demuxer-ogg: 62fdf1f143b41e24485cea50d1cbac27 -> 
  custom:video-encoder-webm-vp8: eb34c28f22e8b96e1ab97ce403110664 -> 
  custom:video-decoder-webm-vp8: 9c59270c3fd7afecdb556c50c9e8de78 -> 
  custom:audio-decoder-ogg-vorbis: bf7c407c2cedff20999df2af8eb42d56 -> 
  custom:audio-encoder-webm-vorbis: bf7c407c2cedff20999df2af8eb42d56 -> 
========================================================================
Received Prepare
Registering precompiled user dll's ...
Registered in 0.005536 seconds.
Begin MonoManager ReloadAssembly
Symbol file LoadedFromMemory doesn't match image E:\2º\Juego2D\Library\PackageCache\com.unity.visualscripting@1.6.1\Editor\VisualScripting.Core\Dependencies\YamlDotNet\Unity.VisualScripting.YamlDotNet.dll
Symbol file LoadedFromMemory doesn't match image E:\2º\Juego2D\Library\PackageCache\com.unity.visualscripting@1.6.1\Editor\VisualScripting.Core\Dependencies\DotNetZip\Unity.VisualScripting.IonicZip.dll
Native extension for WindowsStandalone target not found
Refreshing native plugins compatible for Editor in 0.72 ms, found 4 plugins.
Preloading 0 native plugins for Editor in 0.00 ms.
Mono: successfully reloaded assembly
- Completed reload, in  1.328 seconds
Domain Reload Profiling:
	ReloadAssembly (1329ms)
		BeginReloadAssembly (131ms)
			ExecutionOrderSort (0ms)
			DisableScriptedObjects (6ms)
			BackupInstance (0ms)
			ReleaseScriptingObjects (0ms)
			CreateAndSetChildDomain (39ms)
		EndReloadAssembly (1124ms)
			LoadAssemblies (134ms)
			RebuildTransferFunctionScriptingTraits (0ms)
			SetupTypeCache (469ms)
			ReleaseScriptCaches (1ms)
			RebuildScriptCaches (50ms)
			SetupLoadedEditorAssemblies (331ms)
				LogAssemblyErrors (0ms)
				InitializePlatformSupportModulesInManaged (5ms)
				SetLoadedEditorAssemblies (0ms)
				RefreshPlugins (1ms)
				BeforeProcessingInitializeOnLoad (69ms)
				ProcessInitializeOnLoadAttributes (240ms)
				ProcessInitializeOnLoadMethodAttributes (10ms)
				AfterProcessingInitializeOnLoad (7ms)
				EditorAssembliesLoaded (0ms)
			ExecutionOrderSort2 (0ms)
			AwakeInstancesAfterBackupRestoration (11ms)
Platform modules already initialized, skipping
Refreshing native plugins compatible for Editor in 0.72 ms, found 4 plugins.
Preloading 0 native plugins for Editor in 0.00 ms.
Unloading 3679 Unused Serialized files (Serialized files now loaded: 0)
System memory in use before: 213.8 MB.
System memory in use after: 214.0 MB.

Unloading 24 unused Assets to reduce memory usage. Loaded Objects now: 4168.
Total: 3.325200 ms (FindLiveObjects: 0.281100 ms CreateObjectMapping: 0.194100 ms MarkObjects: 2.747000 ms  DeleteObjects: 0.101800 ms)

AssetImportParameters requested are different than current active one (requested -> active):
  custom:framework-win-MediaFoundation: 216162199b28c13a410421893ffa2e32 -> 
  custom:video-decoder-ogg-theora: a1e56fd34408186e4bbccfd4996cb3dc -> 
  custom:container-muxer-webm: aa71ff27fc2769a1b78a27578f13a17b -> 
  custom:container-demuxer-webm: 4f35f7cbe854078d1ac9338744f61a02 -> 
  custom:container-demuxer-ogg: 62fdf1f143b41e24485cea50d1cbac27 -> 
  custom:video-encoder-webm-vp8: eb34c28f22e8b96e1ab97ce403110664 -> 
  custom:video-decoder-webm-vp8: 9c59270c3fd7afecdb556c50c9e8de78 -> 
  custom:audio-decoder-ogg-vorbis: bf7c407c2cedff20999df2af8eb42d56 -> 
  custom:audio-encoder-webm-vorbis: bf7c407c2cedff20999df2af8eb42d56 -> 
========================================================================
Received Prepare
Registering precompiled user dll's ...
Registered in 0.005396 seconds.
Begin MonoManager ReloadAssembly
Symbol file LoadedFromMemory doesn't match image E:\2º\Juego2D\Library\PackageCache\com.unity.visualscripting@1.6.1\Editor\VisualScripting.Core\Dependencies\YamlDotNet\Unity.VisualScripting.YamlDotNet.dll
Symbol file LoadedFromMemory doesn't match image E:\2º\Juego2D\Library\PackageCache\com.unity.visualscripting@1.6.1\Editor\VisualScripting.Core\Dependencies\DotNetZip\Unity.VisualScripting.IonicZip.dll
Native extension for WindowsStandalone target not found
Refreshing native plugins compatible for Editor in 0.72 ms, found 4 plugins.
Preloading 0 native plugins for Editor in 0.00 ms.
Mono: successfully reloaded assembly
- Completed reload, in  1.205 seconds
Domain Reload Profiling:
	ReloadAssembly (1205ms)
		BeginReloadAssembly (125ms)
			ExecutionOrderSort (0ms)
			DisableScriptedObjects (7ms)
			BackupInstance (0ms)
			ReleaseScriptingObjects (0ms)
			CreateAndSetChildDomain (37ms)
		EndReloadAssembly (1007ms)
			LoadAssemblies (134ms)
			RebuildTransferFunctionScriptingTraits (0ms)
			SetupTypeCache (362ms)
			ReleaseScriptCaches (1ms)
			RebuildScriptCaches (47ms)
			SetupLoadedEditorAssemblies (333ms)
				LogAssemblyErrors (0ms)
				InitializePlatformSupportModulesInManaged (5ms)
				SetLoadedEditorAssemblies (0ms)
				RefreshPlugins (1ms)
				BeforeProcessingInitializeOnLoad (68ms)
				ProcessInitializeOnLoadAttributes (242ms)
				ProcessInitializeOnLoadMethodAttributes (10ms)
				AfterProcessingInitializeOnLoad (6ms)
				EditorAssembliesLoaded (0ms)
			ExecutionOrderSort2 (0ms)
			AwakeInstancesAfterBackupRestoration (11ms)
Platform modules already initialized, skipping
Refreshing native plugins compatible for Editor in 0.73 ms, found 4 plugins.
Preloading 0 native plugins for Editor in 0.00 ms.
Unloading 3679 Unused Serialized files (Serialized files now loaded: 0)
System memory in use before: 213.8 MB.
System memory in use after: 214.0 MB.

Unloading 24 unused Assets to reduce memory usage. Loaded Objects now: 4172.
Total: 3.055100 ms (FindLiveObjects: 0.285900 ms CreateObjectMapping: 0.193600 ms MarkObjects: 2.452100 ms  DeleteObjects: 0.122500 ms)

AssetImportParameters requested are different than current active one (requested -> active):
  custom:framework-win-MediaFoundation: 216162199b28c13a410421893ffa2e32 -> 
  custom:video-decoder-ogg-theora: a1e56fd34408186e4bbccfd4996cb3dc -> 
  custom:container-muxer-webm: aa71ff27fc2769a1b78a27578f13a17b -> 
  custom:container-demuxer-webm: 4f35f7cbe854078d1ac9338744f61a02 -> 
  custom:container-demuxer-ogg: 62fdf1f143b41e24485cea50d1cbac27 -> 
  custom:video-encoder-webm-vp8: eb34c28f22e8b96e1ab97ce403110664 -> 
  custom:video-decoder-webm-vp8: 9c59270c3fd7afecdb556c50c9e8de78 -> 
  custom:audio-decoder-ogg-vorbis: bf7c407c2cedff20999df2af8eb42d56 -> 
  custom:audio-encoder-webm-vorbis: bf7c407c2cedff20999df2af8eb42d56 -> 
========================================================================
Received Import Request.
  Time since last request: 436.480410 seconds.
  path: Assets/Scripts/Simples/Missile.cs
  artifactKey: Guid(e55209d61caaea649981d6c1f37138da) Importer(815301076,1909f56bfc062723c751e8b465ee728b)
Start importing Assets/Scripts/Simples/Missile.cs using Guid(e55209d61caaea649981d6c1f37138da) Importer(815301076,1909f56bfc062723c751e8b465ee728b)  -> (artifact id: 'c61ac48b3c2c102fd36d36fa4f9b16c0') in 0.082598 seconds 
========================================================================
Received Import Request.
  Time since last request: 22.061496 seconds.
  path: Assets/Prefab/meteorTarget.prefab
  artifactKey: Guid(6f2d55cea5ac556478eadce938961583) Importer(815301076,1909f56bfc062723c751e8b465ee728b)
Start importing Assets/Prefab/meteorTarget.prefab using Guid(6f2d55cea5ac556478eadce938961583) Importer(815301076,1909f56bfc062723c751e8b465ee728b)  -> (artifact id: '2aa8892b907d9ec6e3fdad320a20893f') in 0.126740 seconds 
========================================================================
Received Prepare
Registering precompiled user dll's ...
Registered in 0.005633 seconds.
Begin MonoManager ReloadAssembly
Symbol file LoadedFromMemory doesn't match image E:\2º\Juego2D\Library\PackageCache\com.unity.visualscripting@1.6.1\Editor\VisualScripting.Core\Dependencies\YamlDotNet\Unity.VisualScripting.YamlDotNet.dll
Symbol file LoadedFromMemory doesn't match image E:\2º\Juego2D\Library\PackageCache\com.unity.visualscripting@1.6.1\Editor\VisualScripting.Core\Dependencies\DotNetZip\Unity.VisualScripting.IonicZip.dll
Native extension for WindowsStandalone target not found
Refreshing native plugins compatible for Editor in 0.73 ms, found 4 plugins.
Preloading 0 native plugins for Editor in 0.00 ms.
Mono: successfully reloaded assembly
- Completed reload, in  1.349 seconds
Domain Reload Profiling:
	ReloadAssembly (1349ms)
		BeginReloadAssembly (140ms)
			ExecutionOrderSort (0ms)
			DisableScriptedObjects (6ms)
			BackupInstance (0ms)
			ReleaseScriptingObjects (0ms)
			CreateAndSetChildDomain (38ms)
		EndReloadAssembly (1121ms)
			LoadAssemblies (137ms)
			RebuildTransferFunctionScriptingTraits (0ms)
			SetupTypeCache (388ms)
			ReleaseScriptCaches (1ms)
			RebuildScriptCaches (45ms)
			SetupLoadedEditorAssemblies (422ms)
				LogAssemblyErrors (0ms)
				InitializePlatformSupportModulesInManaged (7ms)
				SetLoadedEditorAssemblies (0ms)
				RefreshPlugins (1ms)
				BeforeProcessingInitializeOnLoad (97ms)
				ProcessInitializeOnLoadAttributes (298ms)
				ProcessInitializeOnLoadMethodAttributes (11ms)
				AfterProcessingInitializeOnLoad (7ms)
				EditorAssembliesLoaded (0ms)
			ExecutionOrderSort2 (0ms)
			AwakeInstancesAfterBackupRestoration (12ms)
Platform modules already initialized, skipping
Refreshing native plugins compatible for Editor in 0.70 ms, found 4 plugins.
Preloading 0 native plugins for Editor in 0.00 ms.
Unloading 3679 Unused Serialized files (Serialized files now loaded: 0)
System memory in use before: 213.8 MB.
System memory in use after: 214.0 MB.

Unloading 24 unused Assets to reduce memory usage. Loaded Objects now: 4177.
Total: 3.246000 ms (FindLiveObjects: 0.355000 ms CreateObjectMapping: 0.229200 ms MarkObjects: 2.525200 ms  DeleteObjects: 0.135300 ms)

AssetImportParameters requested are different than current active one (requested -> active):
  custom:framework-win-MediaFoundation: 216162199b28c13a410421893ffa2e32 -> 
  custom:video-decoder-ogg-theora: a1e56fd34408186e4bbccfd4996cb3dc -> 
  custom:container-muxer-webm: aa71ff27fc2769a1b78a27578f13a17b -> 
  custom:container-demuxer-webm: 4f35f7cbe854078d1ac9338744f61a02 -> 
  custom:container-demuxer-ogg: 62fdf1f143b41e24485cea50d1cbac27 -> 
  custom:video-encoder-webm-vp8: eb34c28f22e8b96e1ab97ce403110664 -> 
  custom:video-decoder-webm-vp8: 9c59270c3fd7afecdb556c50c9e8de78 -> 
  custom:audio-decoder-ogg-vorbis: bf7c407c2cedff20999df2af8eb42d56 -> 
  custom:audio-encoder-webm-vorbis: bf7c407c2cedff20999df2af8eb42d56 -> 
========================================================================
Received Prepare
Registering precompiled user dll's ...
Registered in 0.005233 seconds.
Begin MonoManager ReloadAssembly
Symbol file LoadedFromMemory doesn't match image E:\2º\Juego2D\Library\PackageCache\com.unity.visualscripting@1.6.1\Editor\VisualScripting.Core\Dependencies\YamlDotNet\Unity.VisualScripting.YamlDotNet.dll
Symbol file LoadedFromMemory doesn't match image E:\2º\Juego2D\Library\PackageCache\com.unity.visualscripting@1.6.1\Editor\VisualScripting.Core\Dependencies\DotNetZip\Unity.VisualScripting.IonicZip.dll
Native extension for WindowsStandalone target not found
Refreshing native plugins compatible for Editor in 0.72 ms, found 4 plugins.
Preloading 0 native plugins for Editor in 0.00 ms.
Mono: successfully reloaded assembly
- Completed reload, in  1.272 seconds
Domain Reload Profiling:
	ReloadAssembly (1272ms)
		BeginReloadAssembly (131ms)
			ExecutionOrderSort (0ms)
			DisableScriptedObjects (6ms)
			BackupInstance (0ms)
			ReleaseScriptingObjects (0ms)
			CreateAndSetChildDomain (38ms)
		EndReloadAssembly (1064ms)
			LoadAssemblies (136ms)
			RebuildTransferFunctionScriptingTraits (0ms)
			SetupTypeCache (393ms)
			ReleaseScriptCaches (1ms)
			RebuildScriptCaches (50ms)
			SetupLoadedEditorAssemblies (346ms)
				LogAssemblyErrors (0ms)
				InitializePlatformSupportModulesInManaged (5ms)
				SetLoadedEditorAssemblies (0ms)
				RefreshPlugins (1ms)
				BeforeProcessingInitializeOnLoad (70ms)
				ProcessInitializeOnLoadAttributes (253ms)
				ProcessInitializeOnLoadMethodAttributes (9ms)
				AfterProcessingInitializeOnLoad (7ms)
				EditorAssembliesLoaded (0ms)
			ExecutionOrderSort2 (0ms)
			AwakeInstancesAfterBackupRestoration (13ms)
Platform modules already initialized, skipping
Refreshing native plugins compatible for Editor in 0.69 ms, found 4 plugins.
Preloading 0 native plugins for Editor in 0.00 ms.
Unloading 3679 Unused Serialized files (Serialized files now loaded: 0)
System memory in use before: 213.8 MB.
System memory in use after: 214.0 MB.

Unloading 24 unused Assets to reduce memory usage. Loaded Objects now: 4181.
Total: 3.114400 ms (FindLiveObjects: 0.335300 ms CreateObjectMapping: 0.263900 ms MarkObjects: 2.378500 ms  DeleteObjects: 0.135200 ms)

AssetImportParameters requested are different than current active one (requested -> active):
  custom:framework-win-MediaFoundation: 216162199b28c13a410421893ffa2e32 -> 
  custom:video-decoder-ogg-theora: a1e56fd34408186e4bbccfd4996cb3dc -> 
  custom:container-muxer-webm: aa71ff27fc2769a1b78a27578f13a17b -> 
  custom:container-demuxer-webm: 4f35f7cbe854078d1ac9338744f61a02 -> 
  custom:container-demuxer-ogg: 62fdf1f143b41e24485cea50d1cbac27 -> 
  custom:video-encoder-webm-vp8: eb34c28f22e8b96e1ab97ce403110664 -> 
  custom:video-decoder-webm-vp8: 9c59270c3fd7afecdb556c50c9e8de78 -> 
  custom:audio-decoder-ogg-vorbis: bf7c407c2cedff20999df2af8eb42d56 -> 
  custom:audio-encoder-webm-vorbis: bf7c407c2cedff20999df2af8eb42d56 -> 
========================================================================
Received Import Request.
  Time since last request: 212.047450 seconds.
  path: Assets/Scripts/Systems/InputSystemKeyboard.cs
  artifactKey: Guid(c51cd57595688aa4ca3b165dc0e59510) Importer(815301076,1909f56bfc062723c751e8b465ee728b)
Start importing Assets/Scripts/Systems/InputSystemKeyboard.cs using Guid(c51cd57595688aa4ca3b165dc0e59510) Importer(815301076,1909f56bfc062723c751e8b465ee728b)  -> (artifact id: '247be12942fffa1430047c727c767e88') in 0.037711 seconds 
========================================================================
Received Import Request.
  Time since last request: 150.727391 seconds.
  path: Assets/Data/BlasterData.asset
  artifactKey: Guid(076ebd1b4072d754084136724faf7a4f) Importer(815301076,1909f56bfc062723c751e8b465ee728b)
Start importing Assets/Data/BlasterData.asset using Guid(076ebd1b4072d754084136724faf7a4f) Importer(815301076,1909f56bfc062723c751e8b465ee728b)  -> (artifact id: 'd07bf5c1da8401e520ffcefc540bb2a6') in 0.059870 seconds 
AssetImportWorkerClient::OnTransportError - code=2 error=End of file
